<?xml version="1.0" encoding="UTF-8"?>
<!-- Generated by org.testng.reporters.JUnitReportReporter -->
<testsuite hostname="Mukul" failures="0" tests="1" name="google.com.login_Test" time="0.010" errors="0" timestamp="2020-01-09T19:31:10 EST" skipped="0">
  <testcase classname="google.com.login_Test" name="failedloggin" time="0.010"/>
</testsuite> <!-- google.com.login_Test -->
