<?xml version="1.0" encoding="UTF-8"?>
<!-- Generated by org.testng.reporters.JUnitReportReporter -->
<testsuite hostname="Mukul" failures="0" tests="3" name="google.com.UI_Test" time="0.053" errors="0" timestamp="2020-01-09T19:31:10 EST" skipped="0">
  <testcase classname="google.com.UI_Test" name="buttontest" time="0.013"/>
  <testcase classname="google.com.UI_Test" name="menutest" time="0.035"/>
  <testcase classname="google.com.UI_Test" name="contact" time="0.005"/>
</testsuite> <!-- google.com.UI_Test -->
